<?xml version="1.0" encoding="UTF-8"?>
<testng-results ignored="0" total="1" passed="1" failed="0" skipped="0">
  <reporter-output>
    <line>
      <![CDATA[No of rows in TCSheet::4  No of rows in TSSheet::10]]>
    </line>
    <line>
      <![CDATA[Login Success::adminflow   http://primusbank.qedgetech.com/adminflow.aspx]]>
    </line>
    <line>
      <![CDATA[AdminLogout Success::]]>
    </line>
    <line>
      <![CDATA[Login Success::adminflow   http://primusbank.qedgetech.com/adminflow.aspx]]>
    </line>
    <line>
      <![CDATA[New Branch with id 175 created Sucessfully]]>
    </line>
    <line>
      <![CDATA[AdminLogout Success::]]>
    </line>
    <line>
      <![CDATA[Login Success::adminflow   http://primusbank.qedgetech.com/adminflow.aspx]]>
    </line>
    <line>
      <![CDATA[Branch updated Sucessfully]]>
    </line>
    <line>
      <![CDATA[AdminLogout Success::]]>
    </line>
  </reporter-output>
  <suite started-at="2022-12-26T12:30:51 IST" name="Default suite" finished-at="2022-12-26T12:31:19 IST" duration-ms="27768">
    <groups>
    </groups>
    <test started-at="2022-12-26T12:30:51 IST" name="Default test" finished-at="2022-12-26T12:31:19 IST" duration-ms="27768">
      <class name="driverFactory.DriverScript">
        <test-method is-config="true" signature="setUp()[pri:0, instance:driverFactory.DriverScript@248e319b]" started-at="2022-12-26T12:30:46 IST" name="setUp" finished-at="2022-12-26T12:30:51 IST" duration-ms="5039" status="PASS">
          <reporter-output>
          </reporter-output>
        </test-method> <!-- setUp -->
        <test-method signature="startTest()[pri:0, instance:driverFactory.DriverScript@248e319b]" started-at="2022-12-26T12:30:51 IST" name="startTest" finished-at="2022-12-26T12:31:19 IST" duration-ms="27627" status="PASS">
          <reporter-output>
            <line>
              <![CDATA[No of rows in TCSheet::4  No of rows in TSSheet::10]]>
            </line>
            <line>
              <![CDATA[Login Success::adminflow   http://primusbank.qedgetech.com/adminflow.aspx]]>
            </line>
            <line>
              <![CDATA[AdminLogout Success::]]>
            </line>
            <line>
              <![CDATA[Login Success::adminflow   http://primusbank.qedgetech.com/adminflow.aspx]]>
            </line>
            <line>
              <![CDATA[New Branch with id 175 created Sucessfully]]>
            </line>
            <line>
              <![CDATA[AdminLogout Success::]]>
            </line>
            <line>
              <![CDATA[Login Success::adminflow   http://primusbank.qedgetech.com/adminflow.aspx]]>
            </line>
            <line>
              <![CDATA[Branch updated Sucessfully]]>
            </line>
            <line>
              <![CDATA[AdminLogout Success::]]>
            </line>
          </reporter-output>
        </test-method> <!-- startTest -->
        <test-method is-config="true" signature="tearDown()[pri:0, instance:driverFactory.DriverScript@248e319b]" started-at="2022-12-26T12:31:19 IST" name="tearDown" finished-at="2022-12-26T12:31:20 IST" duration-ms="746" status="PASS">
          <reporter-output>
          </reporter-output>
        </test-method> <!-- tearDown -->
      </class> <!-- driverFactory.DriverScript -->
    </test> <!-- Default test -->
  </suite> <!-- Default suite -->
</testng-results>
